<?xml version='1.0'?>
<ns2:test-suite xmlns:ns2='urn:model.allure.qatools.yandex.ru' start='1665078277554' stop='1665078277682'>
    <name>Vending Machine Suite</name>
    <title>Vending Machine Suite</title>
    <test-cases>
        <test-case start='1665078277555' status='passed' stop='1665078277559'>
            <name>"before all" hook</name>
            <title>"before all" hook</title>
            <labels>
                <label name='language' value='javascript'/>
                <label name='framework' value='wdio'/>
                <label name='thread' value='0-0'/>
            </labels>
            <parameters>
                <parameter kind='argument' name='browser' value='chrome'/>
            </parameters>
            <steps/>
            <attachments/>
        </test-case>
        <test-case start='1665078277559' status='undefined'>
            <name>should have correct heading text</name>
            <title>should have correct heading text</title>
            <labels>
                <label name='language' value='javascript'/>
                <label name='framework' value='wdio'/>
                <label name='thread' value='0-0'/>
            </labels>
            <parameters>
                <parameter kind='argument' name='browser' value='chrome'/>
            </parameters>
            <steps/>
            <attachments/>
        </test-case>
        <test-case start='1665078277606' status='broken' stop='1665078277622'>
            <name>should have correct heading text</name>
            <title>should have correct heading text</title>
            <labels>
                <label name='language' value='javascript'/>
                <label name='framework' value='wdio'/>
                <label name='thread' value='0-0'/>
            </labels>
            <parameters>
                <parameter kind='argument' name='browser' value='chrome'/>
                <parameter kind='argument' name='browserVersion' value='105.0.5195.127'/>
            </parameters>
            <steps>
                <step start='1665078277609' status='broken' stop='1665078277622'>
                    <name>POST /session/:sessionId/url</name>
                    <title>POST /session/:sessionId/url</title>
                    <attachments>
                        <attachment title='Request' source='4752f0b0-67f2-40de-8219-e31e8120e95a-attachment.json' type='application/json' size='64'/>
                    </attachments>
                    <steps>
                        <step start='1665078277614' status='broken' stop='1665078277622'>
                            <name>GET /session/:sessionId/screenshot</name>
                            <title>GET /session/:sessionId/screenshot</title>
                            <attachments/>
                            <steps>
                                <step start='1665078277615' status='broken' stop='1665078277622'>
                                    <name>POST /session/:sessionId/element</name>
                                    <title>POST /session/:sessionId/element</title>
                                    <attachments>
                                        <attachment title='Request' source='1c1ef7cd-024c-41e9-8b40-f3c9719254c1-attachment.json' type='application/json' size='53'/>
                                    </attachments>
                                    <steps/>
                                </step>
                            </steps>
                        </step>
                    </steps>
                </step>
                <step start='1665078277625' status='undefined'>
                    <name>GET /session/:sessionId/screenshot</name>
                    <title>GET /session/:sessionId/screenshot</title>
                    <attachments/>
                    <steps/>
                </step>
            </steps>
            <attachments>
                <attachment title='Execution video' source='e20995d9-798d-4ded-9aff-b3d7c0496e3a-attachment.mp4' type='video/mp4' size='158'/>
            </attachments>
            <failure>
                <message>vendingPage1.headingText.getText is not a function</message>
                <stack-trace>TypeError: vendingPage1.headingText.getText is not a function
                    at Context.&lt;anonymous> (D:\_Tech\_Code\WDIO-VendingMachine\WDIO-VendingMachine\tests\vendingMachine.spec.js:24:41)
                    at Context.executeAsync (D:\_Tech\_Code\WDIO-VendingMachine\WDIO-VendingMachine\node_modules\@wdio\utils\build\shim.js:123:21)
                    at Context.testFrameworkFnWrapper (D:\_Tech\_Code\WDIO-VendingMachine\WDIO-VendingMachine\node_modules\@wdio\utils\build\test-framework\testFnWrapper.js:55:28)</stack-trace>
            </failure>
        </test-case>
        <test-case start='1665078277633' status='passed' stop='1665078277638'>
            <name>"after each" hook</name>
            <title>"after each" hook</title>
            <labels>
                <label name='language' value='javascript'/>
                <label name='framework' value='wdio'/>
                <label name='thread' value='0-0'/>
            </labels>
            <parameters>
                <parameter kind='argument' name='browser' value='chrome'/>
            </parameters>
            <steps/>
            <attachments/>
        </test-case>
        <test-case start='1665078277642' status='undefined'>
            <name>Toplama</name>
            <title>Toplama</title>
            <labels>
                <label name='language' value='javascript'/>
                <label name='framework' value='wdio'/>
                <label name='thread' value='0-0'/>
            </labels>
            <parameters>
                <parameter kind='argument' name='browser' value='chrome'/>
            </parameters>
            <steps/>
            <attachments/>
        </test-case>
        <test-case start='1665078277648' status='failed' stop='1665078277658'>
            <name>Toplama</name>
            <title>Toplama</title>
            <labels>
                <label name='language' value='javascript'/>
                <label name='framework' value='wdio'/>
                <label name='thread' value='0-0'/>
            </labels>
            <parameters>
                <parameter kind='argument' name='browser' value='chrome'/>
                <parameter kind='argument' name='browserVersion' value='105.0.5195.127'/>
            </parameters>
            <steps>
                <step start='1665078277649' status='failed' stop='1665078277658'>
                    <name>POST /session/:sessionId/url</name>
                    <title>POST /session/:sessionId/url</title>
                    <attachments>
                        <attachment title='Request' source='777440d2-279d-48cf-9e22-13bce5d53e38-attachment.json' type='application/json' size='64'/>
                    </attachments>
                    <steps>
                        <step start='1665078277657' status='failed' stop='1665078277658'>
                            <name>GET /session/:sessionId/screenshot</name>
                            <title>GET /session/:sessionId/screenshot</title>
                            <attachments/>
                            <steps/>
                        </step>
                    </steps>
                </step>
                <step start='1665078277660' status='undefined'>
                    <name>GET /session/:sessionId/screenshot</name>
                    <title>GET /session/:sessionId/screenshot</title>
                    <attachments/>
                    <steps/>
                </step>
            </steps>
            <attachments>
                <attachment title='Execution video' source='d324505c-7b6f-48a6-a015-4caf519b6f4f-attachment.mp4' type='video/mp4' size='133'/>
            </attachments>
            <failure>
                <message>expected 30 to equal 20</message>
                <stack-trace>AssertionError: expected 30 to equal 20
                    at Context.&lt;anonymous> (D:\_Tech\_Code\WDIO-VendingMachine\WDIO-VendingMachine\tests\vendingMachine.spec.js:34:12)
                    at Context.executeAsync (D:\_Tech\_Code\WDIO-VendingMachine\WDIO-VendingMachine\node_modules\@wdio\utils\build\shim.js:123:21)
                    at Context.testFrameworkFnWrapper (D:\_Tech\_Code\WDIO-VendingMachine\WDIO-VendingMachine\node_modules\@wdio\utils\build\test-framework\testFnWrapper.js:55:28)</stack-trace>
            </failure>
        </test-case>
        <test-case start='1665078277664' status='passed' stop='1665078277664'>
            <name>"after each" hook</name>
            <title>"after each" hook</title>
            <labels>
                <label name='language' value='javascript'/>
                <label name='framework' value='wdio'/>
                <label name='thread' value='0-0'/>
            </labels>
            <parameters>
                <parameter kind='argument' name='browser' value='chrome'/>
            </parameters>
            <steps/>
            <attachments/>
        </test-case>
        <test-case start='1665078277669' status='passed' stop='1665078277670'>
            <name>"after all" hook</name>
            <title>"after all" hook</title>
            <labels>
                <label name='language' value='javascript'/>
                <label name='framework' value='wdio'/>
                <label name='thread' value='0-0'/>
            </labels>
            <parameters>
                <parameter kind='argument' name='browser' value='chrome'/>
            </parameters>
            <steps/>
            <attachments/>
        </test-case>
    </test-cases>
</ns2:test-suite>