<?xml version='1.0'?>
<ns2:test-suite xmlns:ns2='urn:model.allure.qatools.yandex.ru' start='1665079528425' stop='1665079528577'>
    <name>Vending Machine Suite</name>
    <title>Vending Machine Suite</title>
    <test-cases>
        <test-case start='1665079528426' status='passed' stop='1665079528429'>
            <name>"before all" hook</name>
            <title>"before all" hook</title>
            <labels>
                <label name='language' value='javascript'/>
                <label name='framework' value='wdio'/>
                <label name='thread' value='0-0'/>
            </labels>
            <parameters>
                <parameter kind='argument' name='browser' value='chrome'/>
            </parameters>
            <steps/>
            <attachments/>
        </test-case>
        <test-case start='1665079528429' status='undefined'>
            <name>Toplama</name>
            <title>Toplama</title>
            <labels>
                <label name='language' value='javascript'/>
                <label name='framework' value='wdio'/>
                <label name='thread' value='0-0'/>
            </labels>
            <parameters>
                <parameter kind='argument' name='browser' value='chrome'/>
            </parameters>
            <steps/>
            <attachments/>
        </test-case>
        <test-case start='1665079528489' status='passed' stop='1665079528507'>
            <name>"before each" hook</name>
            <title>"before each" hook</title>
            <labels>
                <label name='language' value='javascript'/>
                <label name='framework' value='wdio'/>
                <label name='thread' value='0-0'/>
            </labels>
            <parameters>
                <parameter kind='argument' name='browser' value='chrome'/>
                <parameter kind='argument' name='browserVersion' value='105.0.5195.127'/>
            </parameters>
            <steps>
                <step start='1665079528493' status='undefined'>
                    <name>POST /session/:sessionId/url</name>
                    <title>POST /session/:sessionId/url</title>
                    <attachments>
                        <attachment title='Request' source='10ff579a-6ad3-45a1-8897-6a6d75dc7517-attachment.json' type='application/json' size='64'/>
                    </attachments>
                    <steps/>
                </step>
            </steps>
            <attachments/>
        </test-case>
        <test-case start='1665079528509' status='passed' stop='1665079528511'>
            <name>"after each" hook</name>
            <title>"after each" hook</title>
            <labels>
                <label name='language' value='javascript'/>
                <label name='framework' value='wdio'/>
                <label name='thread' value='0-0'/>
            </labels>
            <parameters>
                <parameter kind='argument' name='browser' value='chrome'/>
            </parameters>
            <steps/>
            <attachments/>
        </test-case>
        <test-case start='1665079528511' status='undefined'>
            <name>Assert</name>
            <title>Assert</title>
            <labels>
                <label name='language' value='javascript'/>
                <label name='framework' value='wdio'/>
                <label name='thread' value='0-0'/>
            </labels>
            <parameters>
                <parameter kind='argument' name='browser' value='chrome'/>
            </parameters>
            <steps/>
            <attachments/>
        </test-case>
        <test-case start='1665079528517' status='failed' stop='1665079528543'>
            <name>Assert</name>
            <title>Assert</title>
            <labels>
                <label name='language' value='javascript'/>
                <label name='framework' value='wdio'/>
                <label name='thread' value='0-0'/>
            </labels>
            <parameters>
                <parameter kind='argument' name='browser' value='chrome'/>
                <parameter kind='argument' name='browserVersion' value='105.0.5195.127'/>
            </parameters>
            <steps>
                <step start='1665079528522' status='failed' stop='1665079528543'>
                    <name>POST /session/:sessionId/url</name>
                    <title>POST /session/:sessionId/url</title>
                    <attachments>
                        <attachment title='Request' source='93d4e9ef-69c6-4e2a-9d9d-e0494344b02e-attachment.json' type='application/json' size='64'/>
                    </attachments>
                    <steps>
                        <step start='1665079528540' status='failed' stop='1665079528543'>
                            <name>GET /session/:sessionId/screenshot</name>
                            <title>GET /session/:sessionId/screenshot</title>
                            <attachments/>
                            <steps/>
                        </step>
                    </steps>
                </step>
                <step start='1665079528544' status='undefined'>
                    <name>GET /session/:sessionId/screenshot</name>
                    <title>GET /session/:sessionId/screenshot</title>
                    <attachments>
                        <attachment title='Execution video' source='f124f8a1-3772-44a4-84f2-fb44411bb4b4-attachment.mp4' type='video/mp4' size='132'/>
                    </attachments>
                    <steps/>
                </step>
            </steps>
            <attachments/>
            <failure>
                <message>This is actually the ERROR message: expected Promise{…} to equal 'Vending Machine!'</message>
                <stack-trace>AssertionError: This is actually the ERROR message: expected Promise{…} to equal 'Vending Machine!'
                    at Context.&lt;anonymous> (D:\_Tech\_Code\WDIO-VendingMachine\WDIO-VendingMachine\tests\vendingMachine.spec.js:41:10)
                    at Context.executeAsync (D:\_Tech\_Code\WDIO-VendingMachine\WDIO-VendingMachine\node_modules\@wdio\utils\build\shim.js:123:21)
                    at Context.testFrameworkFnWrapper (D:\_Tech\_Code\WDIO-VendingMachine\WDIO-VendingMachine\node_modules\@wdio\utils\build\test-framework\testFnWrapper.js:55:28)</stack-trace>
            </failure>
        </test-case>
        <test-case start='1665079528570' status='passed' stop='1665079528571'>
            <name>"after each" hook</name>
            <title>"after each" hook</title>
            <labels>
                <label name='language' value='javascript'/>
                <label name='framework' value='wdio'/>
                <label name='thread' value='0-0'/>
            </labels>
            <parameters>
                <parameter kind='argument' name='browser' value='chrome'/>
            </parameters>
            <steps/>
            <attachments/>
        </test-case>
        <test-case start='1665079528574' status='passed' stop='1665079528575'>
            <name>"after all" hook</name>
            <title>"after all" hook</title>
            <labels>
                <label name='language' value='javascript'/>
                <label name='framework' value='wdio'/>
                <label name='thread' value='0-0'/>
            </labels>
            <parameters>
                <parameter kind='argument' name='browser' value='chrome'/>
            </parameters>
            <steps/>
            <attachments/>
        </test-case>
    </test-cases>
</ns2:test-suite>