<?xml version='1.0'?>
<ns2:test-suite xmlns:ns2='urn:model.allure.qatools.yandex.ru' start='1665080938686' stop='1665080938828'>
    <name>Vending Machine Suite</name>
    <title>Vending Machine Suite</title>
    <test-cases>
        <test-case start='1665080938686' status='passed' stop='1665080938689'>
            <name>"before all" hook</name>
            <title>"before all" hook</title>
            <labels>
                <label name='language' value='javascript'/>
                <label name='framework' value='wdio'/>
                <label name='thread' value='0-0'/>
            </labels>
            <parameters>
                <parameter kind='argument' name='browser' value='chrome'/>
            </parameters>
            <steps/>
            <attachments/>
        </test-case>
        <test-case start='1665080938690' status='undefined'>
            <name>Assert</name>
            <title>Assert</title>
            <labels>
                <label name='language' value='javascript'/>
                <label name='framework' value='wdio'/>
                <label name='thread' value='0-0'/>
            </labels>
            <parameters>
                <parameter kind='argument' name='browser' value='chrome'/>
            </parameters>
            <steps/>
            <attachments/>
        </test-case>
        <test-case start='1665080938728' status='failed' stop='1665080938745'>
            <name>Assert</name>
            <title>Assert</title>
            <labels>
                <label name='language' value='javascript'/>
                <label name='framework' value='wdio'/>
                <label name='thread' value='0-0'/>
            </labels>
            <parameters>
                <parameter kind='argument' name='browser' value='chrome'/>
                <parameter kind='argument' name='browserVersion' value='105.0.5195.127'/>
            </parameters>
            <steps>
                <step start='1665080938731' status='failed' stop='1665080938744'>
                    <name>POST /session/:sessionId/url</name>
                    <title>POST /session/:sessionId/url</title>
                    <attachments>
                        <attachment title='Request' source='1de9e3c5-3888-4f73-a96e-c4cf0de27013-attachment.json' type='application/json' size='64'/>
                    </attachments>
                    <steps>
                        <step start='1665080938740' status='failed' stop='1665080938744'>
                            <name>GET /session/:sessionId/screenshot</name>
                            <title>GET /session/:sessionId/screenshot</title>
                            <attachments/>
                            <steps>
                                <step start='1665080938741' status='failed' stop='1665080938744'>
                                    <name>POST /session/:sessionId/element</name>
                                    <title>POST /session/:sessionId/element</title>
                                    <attachments>
                                        <attachment title='Request' source='6475866f-7a3c-4644-97a8-474280b071bd-attachment.json' type='application/json' size='53'/>
                                    </attachments>
                                    <steps/>
                                </step>
                            </steps>
                        </step>
                    </steps>
                </step>
                <step start='1665080938748' status='undefined'>
                    <name>GET /session/:sessionId/screenshot</name>
                    <title>GET /session/:sessionId/screenshot</title>
                    <attachments/>
                    <steps/>
                </step>
            </steps>
            <attachments>
                <attachment title='Execution video' source='c0fed46e-09fb-4ad3-b389-ace74f8a593c-attachment.mp4' type='video/mp4' size='132'/>
            </attachments>
            <failure>
                <message>This is actually the ERROR message: expected Promise{…} to equal 'Vending Machine!'</message>
                <stack-trace>AssertionError: This is actually the ERROR message: expected Promise{…} to equal 'Vending Machine!'
                    at Context.&lt;anonymous> (D:\_Tech\_Code\WDIO-VendingMachine\WDIO-VendingMachine\tests\vendingMachine.spec.js:35:10)
                    at Context.executeAsync (D:\_Tech\_Code\WDIO-VendingMachine\WDIO-VendingMachine\node_modules\@wdio\utils\build\shim.js:123:21)
                    at Context.testFrameworkFnWrapper (D:\_Tech\_Code\WDIO-VendingMachine\WDIO-VendingMachine\node_modules\@wdio\utils\build\test-framework\testFnWrapper.js:55:28)</stack-trace>
            </failure>
        </test-case>
        <test-case start='1665080938756' status='passed' stop='1665080938758'>
            <name>"after each" hook</name>
            <title>"after each" hook</title>
            <labels>
                <label name='language' value='javascript'/>
                <label name='framework' value='wdio'/>
                <label name='thread' value='0-0'/>
            </labels>
            <parameters>
                <parameter kind='argument' name='browser' value='chrome'/>
            </parameters>
            <steps/>
            <attachments/>
        </test-case>
        <test-case start='1665080938762' status='undefined'>
            <name>Sonuc</name>
            <title>Sonuc</title>
            <labels>
                <label name='language' value='javascript'/>
                <label name='framework' value='wdio'/>
                <label name='thread' value='0-0'/>
            </labels>
            <parameters>
                <parameter kind='argument' name='browser' value='chrome'/>
            </parameters>
            <steps/>
            <attachments/>
        </test-case>
        <test-case start='1665080938776' status='broken' stop='1665080938797'>
            <name>Sonuc</name>
            <title>Sonuc</title>
            <labels>
                <label name='language' value='javascript'/>
                <label name='framework' value='wdio'/>
                <label name='thread' value='0-0'/>
            </labels>
            <parameters>
                <parameter kind='argument' name='browser' value='chrome'/>
                <parameter kind='argument' name='browserVersion' value='105.0.5195.127'/>
            </parameters>
            <steps>
                <step start='1665080938780' status='broken' stop='1665080938797'>
                    <name>POST /session/:sessionId/url</name>
                    <title>POST /session/:sessionId/url</title>
                    <attachments>
                        <attachment title='Request' source='b1c61009-0542-4801-86f2-cbdd15e15060-attachment.json' type='application/json' size='64'/>
                    </attachments>
                    <steps>
                        <step start='1665080938784' status='broken' stop='1665080938797'>
                            <name>GET /session/:sessionId/screenshot</name>
                            <title>GET /session/:sessionId/screenshot</title>
                            <attachments/>
                            <steps>
                                <step start='1665080938793' status='broken' stop='1665080938797'>
                                    <name>POST /session/:sessionId/element</name>
                                    <title>POST /session/:sessionId/element</title>
                                    <attachments>
                                        <attachment title='Request' source='1d0f0784-c024-444e-a62d-fbbaa7d85c0b-attachment.json' type='application/json' size='53'/>
                                    </attachments>
                                    <steps/>
                                </step>
                            </steps>
                        </step>
                    </steps>
                </step>
                <step start='1665080938800' status='undefined'>
                    <name>GET /session/:sessionId/screenshot</name>
                    <title>GET /session/:sessionId/screenshot</title>
                    <attachments/>
                    <steps/>
                </step>
            </steps>
            <attachments>
                <attachment title='Execution video' source='fd507a54-a768-40bc-8105-ea782a6ff850-attachment.mp4' type='video/mp4' size='131'/>
            </attachments>
            <failure>
                <message>vendingPage1.headingText.getText is not a function</message>
                <stack-trace>TypeError: vendingPage1.headingText.getText is not a function
                    at Context.&lt;anonymous> (D:\_Tech\_Code\WDIO-VendingMachine\WDIO-VendingMachine\tests\vendingMachine.spec.js:41:50)
                    at Context.executeAsync (D:\_Tech\_Code\WDIO-VendingMachine\WDIO-VendingMachine\node_modules\@wdio\utils\build\shim.js:123:21)
                    at Context.testFrameworkFnWrapper (D:\_Tech\_Code\WDIO-VendingMachine\WDIO-VendingMachine\node_modules\@wdio\utils\build\test-framework\testFnWrapper.js:55:28)</stack-trace>
            </failure>
        </test-case>
        <test-case start='1665080938813' status='passed' stop='1665080938814'>
            <name>"after each" hook</name>
            <title>"after each" hook</title>
            <labels>
                <label name='language' value='javascript'/>
                <label name='framework' value='wdio'/>
                <label name='thread' value='0-0'/>
            </labels>
            <parameters>
                <parameter kind='argument' name='browser' value='chrome'/>
            </parameters>
            <steps/>
            <attachments/>
        </test-case>
        <test-case start='1665080938827' status='passed' stop='1665080938828'>
            <name>"after all" hook</name>
            <title>"after all" hook</title>
            <labels>
                <label name='language' value='javascript'/>
                <label name='framework' value='wdio'/>
                <label name='thread' value='0-0'/>
            </labels>
            <parameters>
                <parameter kind='argument' name='browser' value='chrome'/>
            </parameters>
            <steps/>
            <attachments/>
        </test-case>
    </test-cases>
</ns2:test-suite>