<?xml version='1.0'?>
<ns2:test-suite xmlns:ns2='urn:model.allure.qatools.yandex.ru' start='1665080988559' stop='1665080988735'>
    <name>Vending Machine Suite</name>
    <title>Vending Machine Suite</title>
    <test-cases>
        <test-case start='1665080988560' status='passed' stop='1665080988564'>
            <name>"before all" hook</name>
            <title>"before all" hook</title>
            <labels>
                <label name='language' value='javascript'/>
                <label name='framework' value='wdio'/>
                <label name='thread' value='0-0'/>
            </labels>
            <parameters>
                <parameter kind='argument' name='browser' value='chrome'/>
            </parameters>
            <steps/>
            <attachments/>
        </test-case>
        <test-case start='1665080988564' status='undefined'>
            <name>Assert</name>
            <title>Assert</title>
            <labels>
                <label name='language' value='javascript'/>
                <label name='framework' value='wdio'/>
                <label name='thread' value='0-0'/>
            </labels>
            <parameters>
                <parameter kind='argument' name='browser' value='chrome'/>
            </parameters>
            <steps/>
            <attachments/>
        </test-case>
        <test-case start='1665080988591' status='failed' stop='1665080988609'>
            <name>Assert</name>
            <title>Assert</title>
            <labels>
                <label name='language' value='javascript'/>
                <label name='framework' value='wdio'/>
                <label name='thread' value='0-0'/>
            </labels>
            <parameters>
                <parameter kind='argument' name='browser' value='chrome'/>
                <parameter kind='argument' name='browserVersion' value='105.0.5195.127'/>
            </parameters>
            <steps>
                <step start='1665080988594' status='failed' stop='1665080988609'>
                    <name>POST /session/:sessionId/url</name>
                    <title>POST /session/:sessionId/url</title>
                    <attachments>
                        <attachment title='Request' source='fa0ea0ab-ce63-4b2d-aa58-d71131c94a74-attachment.json' type='application/json' size='64'/>
                    </attachments>
                    <steps>
                        <step start='1665080988606' status='failed' stop='1665080988609'>
                            <name>GET /session/:sessionId/screenshot</name>
                            <title>GET /session/:sessionId/screenshot</title>
                            <attachments/>
                            <steps>
                                <step start='1665080988606' status='failed' stop='1665080988609'>
                                    <name>POST /session/:sessionId/element</name>
                                    <title>POST /session/:sessionId/element</title>
                                    <attachments>
                                        <attachment title='Request' source='9aa2d132-7409-4056-b527-4f7af670ea8a-attachment.json' type='application/json' size='53'/>
                                    </attachments>
                                    <steps/>
                                </step>
                            </steps>
                        </step>
                    </steps>
                </step>
                <step start='1665080988613' status='undefined'>
                    <name>GET /session/:sessionId/screenshot</name>
                    <title>GET /session/:sessionId/screenshot</title>
                    <attachments/>
                    <steps/>
                </step>
            </steps>
            <attachments>
                <attachment title='Execution video' source='5c789991-e18f-4057-9a18-4f5aa572d27f-attachment.mp4' type='video/mp4' size='132'/>
            </attachments>
            <failure>
                <message>This is actually the ERROR message: expected Promise{…} to equal 'Vending Machine!'</message>
                <stack-trace>AssertionError: This is actually the ERROR message: expected Promise{…} to equal 'Vending Machine!'
                    at Context.&lt;anonymous> (D:\_Tech\_Code\WDIO-VendingMachine\WDIO-VendingMachine\tests\vendingMachine.spec.js:36:10)
                    at Context.executeAsync (D:\_Tech\_Code\WDIO-VendingMachine\WDIO-VendingMachine\node_modules\@wdio\utils\build\shim.js:123:21)
                    at Context.testFrameworkFnWrapper (D:\_Tech\_Code\WDIO-VendingMachine\WDIO-VendingMachine\node_modules\@wdio\utils\build\test-framework\testFnWrapper.js:55:28)</stack-trace>
            </failure>
        </test-case>
        <test-case start='1665080988636' status='passed' stop='1665080988637'>
            <name>"after each" hook</name>
            <title>"after each" hook</title>
            <labels>
                <label name='language' value='javascript'/>
                <label name='framework' value='wdio'/>
                <label name='thread' value='0-0'/>
            </labels>
            <parameters>
                <parameter kind='argument' name='browser' value='chrome'/>
            </parameters>
            <steps/>
            <attachments/>
        </test-case>
        <test-case start='1665080988639' status='undefined'>
            <name>Sonuc</name>
            <title>Sonuc</title>
            <labels>
                <label name='language' value='javascript'/>
                <label name='framework' value='wdio'/>
                <label name='thread' value='0-0'/>
            </labels>
            <parameters>
                <parameter kind='argument' name='browser' value='chrome'/>
            </parameters>
            <steps/>
            <attachments/>
        </test-case>
        <test-case start='1665080988644' status='broken' stop='1665080988694'>
            <name>Sonuc</name>
            <title>Sonuc</title>
            <labels>
                <label name='language' value='javascript'/>
                <label name='framework' value='wdio'/>
                <label name='thread' value='0-0'/>
            </labels>
            <parameters>
                <parameter kind='argument' name='browser' value='chrome'/>
                <parameter kind='argument' name='browserVersion' value='105.0.5195.127'/>
            </parameters>
            <steps>
                <step start='1665080988645' status='broken' stop='1665080988694'>
                    <name>POST /session/:sessionId/url</name>
                    <title>POST /session/:sessionId/url</title>
                    <attachments>
                        <attachment title='Request' source='84ed8dfc-e15b-42c5-8194-95d9de4b522f-attachment.json' type='application/json' size='64'/>
                    </attachments>
                    <steps>
                        <step start='1665080988652' status='broken' stop='1665080988694'>
                            <name>GET /session/:sessionId/screenshot</name>
                            <title>GET /session/:sessionId/screenshot</title>
                            <attachments/>
                            <steps>
                                <step start='1665080988665' status='broken' stop='1665080988694'>
                                    <name>POST /session/:sessionId/element</name>
                                    <title>POST /session/:sessionId/element</title>
                                    <attachments>
                                        <attachment title='Request' source='3f5fea8d-c032-4979-b9e9-b4321232919c-attachment.json' type='application/json' size='53'/>
                                    </attachments>
                                    <steps/>
                                </step>
                            </steps>
                        </step>
                    </steps>
                </step>
                <step start='1665080988704' status='undefined'>
                    <name>GET /session/:sessionId/screenshot</name>
                    <title>GET /session/:sessionId/screenshot</title>
                    <attachments/>
                    <steps/>
                </step>
            </steps>
            <attachments>
                <attachment title='Execution video' source='8e85d071-8097-474c-941a-3538e7668831-attachment.mp4' type='video/mp4' size='131'/>
            </attachments>
            <failure>
                <message>vendingMachinePage.headingText.getText is not a function</message>
                <stack-trace>TypeError: vendingMachinePage.headingText.getText is not a function
                    at Context.&lt;anonymous> (D:\_Tech\_Code\WDIO-VendingMachine\WDIO-VendingMachine\tests\vendingMachine.spec.js:42:56)
                    at Context.executeAsync (D:\_Tech\_Code\WDIO-VendingMachine\WDIO-VendingMachine\node_modules\@wdio\utils\build\shim.js:123:21)
                    at Context.testFrameworkFnWrapper (D:\_Tech\_Code\WDIO-VendingMachine\WDIO-VendingMachine\node_modules\@wdio\utils\build\test-framework\testFnWrapper.js:55:28)</stack-trace>
            </failure>
        </test-case>
        <test-case start='1665080988724' status='passed' stop='1665080988725'>
            <name>"after each" hook</name>
            <title>"after each" hook</title>
            <labels>
                <label name='language' value='javascript'/>
                <label name='framework' value='wdio'/>
                <label name='thread' value='0-0'/>
            </labels>
            <parameters>
                <parameter kind='argument' name='browser' value='chrome'/>
            </parameters>
            <steps/>
            <attachments/>
        </test-case>
        <test-case start='1665080988734' status='passed' stop='1665080988734'>
            <name>"after all" hook</name>
            <title>"after all" hook</title>
            <labels>
                <label name='language' value='javascript'/>
                <label name='framework' value='wdio'/>
                <label name='thread' value='0-0'/>
            </labels>
            <parameters>
                <parameter kind='argument' name='browser' value='chrome'/>
            </parameters>
            <steps/>
            <attachments/>
        </test-case>
    </test-cases>
</ns2:test-suite>